#
# A fatal error has been detected by the Java Runtime Environment:
#
#  SIGSEGV (0xb) at pc=0x00007f9dd5f8bfc0, pid=18817, tid=140315103045376
#
# JRE version: OpenJDK Runtime Environment (7.0_95) (build 1.7.0_95-b00)
# Java VM: OpenJDK 64-Bit Server VM (24.95-b01 mixed mode linux-amd64 compressed oops)
# Derivative: IcedTea 2.6.4
# Distribution: Ubuntu 14.04.3 LTS, package 7u95-2.6.4-0ubuntu0.14.04.1
# Problematic frame:
# V  [libjvm.so+0x644fc0]
#
# Failed to write core dump. Core dumps have been disabled. To enable core dumping, try "ulimit -c unlimited" before starting Java again
#
# If you would like to submit a bug report, please include
# instructions on how to reproduce the bug and visit:
#   http://icedtea.classpath.org/bugzilla
#

---------------  T H R E A D  ---------------

Current thread (0x00007f9dd00b7000):  JavaThread "JDWP Transport Listener: dt_socket" daemon [_thread_in_vm, id=18834, stack(0x00007f9da7cfa000,0x00007f9da7dfb000)]

siginfo:si_signo=SIGSEGV: si_errno=0, si_code=128 (), si_addr=0x0000000000000000

Registers:
RAX=0x0000000000000063, RBX=0x00007f9dd0004220, RCX=0x00007f9dd6b89320, RDX=0x0000000000000001
RSP=0x00007f9da7df99d0, RBP=0x00007f9da7df9a30, RSI=0x00007f9dd00b7000, RDI=0x00007f9dd0004220
R8 =0x0000000000000000, R9 =0x00007f9da0004240, R10=0x00007f9dc9658281, R11=0x00007f9dd6f0a760
R12=0x003b003b79003b65, R13=0x00007f9da7df9a97, R14=0x00007f9dd00b7000, R15=0x00007f9da7df99e0
RIP=0x00007f9dd5f8bfc0, EFLAGS=0x0000000000010206, CSGSFS=0x0000000000000033, ERR=0x0000000000000000
  TRAPNO=0x000000000000000d

Top of Stack: (sp=0x00007f9da7df99d0)
0x00007f9da7df99d0:   00007f9dd673c9ac 00007f9dd5fd94b6
0x00007f9da7df99e0:   00007f9dd00b7000 0000000000000000
0x00007f9da7df99f0:   00007f9d00000000 0000000000000000
0x00007f9da7df9a00:   00007f9da7df9b80 00007f9da7df9a97
0x00007f9da7df9a10:   00007f9dd4adef00 003b003b79003b65
0x00007f9da7df9a20:   00007f9da7df9a97 00007f9da7df9a9c
0x00007f9da7df9a30:   00007f9da7df9a60 00007f9dd48caab9
0x00007f9da7df9a40:   00007f9da7df9a60 0000000000000004
0x00007f9da7df9a50:   00007f9da7df9b80 003b003b79003b65
0x00007f9da7df9a60:   00007f9da7df9af0 00007f9dd48ab5f8
0x00007f9da7df9a70:   00007f9da7df9ab0 00007f9da7df9ab0
0x00007f9da7df9a80:   00007f9da7df9ab8 00000001d48b04d9
0x00007f9da7df9a90:   00007f9da7df9b50 0000000800000005
0x00007f9da7df9aa0:   00007f9da000c6b0 0000000000000000
0x00007f9da7df9ab0:   0000000000000000 0000000000000000
0x00007f9da7df9ac0:   00007f9da7df9b50 00000000000f0200
0x00007f9da7df9ad0:   00007f9da7df9b50 0000000000000002
0x00007f9da7df9ae0:   00007f9da7df9b80 00007f9dd4adef00
0x00007f9da7df9af0:   00007f9da7df9d40 00007f9dd48b5698
0x00007f9da7df9b00:   00000b0000000013 00007f9da00f0200
0x00007f9da7df9b10:   00007f9d9c000fb0 00007f9dd5f40e1c
0x00007f9da7df9b20:   00007f9dd00b91f0 00007f9d9c00080f
0x00007f9da7df9b30:   00000b0000000013 00007f9da00f0200
0x00007f9da7df9b40:   00007f9d9c000fb0 00007f9dd00ae408
0x00007f9da7df9b50:   00007f9d9c000fb8 000000000000000b
0x00007f9da7df9b60:   00000b0000000013 00007f9da00f0200
0x00007f9da7df9b70:   00007f9d9c000fb0 00007f9da0006a40
0x00007f9da7df9b80:   00007f9da7df9ca8 0000000000000054
0x00007f9da7df9b90:   00007f9da7df9b98 00007f9d000000d8
0x00007f9da7df9ba0:   00007f9da7df9bd0 0000000000000000
0x00007f9da7df9bb0:   00007f0000000000 00000b000000001c
0x00007f9da7df9bc0:   00007f9d00009c80 00007f9da7df9bd0 

Instructions: (pc=0x00007f9dd5f8bfc0)
0x00007f9dd5f8bfa0:   48 c1 e8 04 23 02 48 8d 15 b3 bf 7a 00 48 03 02
0x00007f9dd5f8bfb0:   c7 00 01 00 00 00 e9 a6 fe ff ff 4d 85 e4 74 3b
0x00007f9dd5f8bfc0:   4d 8b 24 24 48 b8 fe fe fe fe fe fe fe fe 49 39
0x00007f9dd5f8bfd0:   c4 74 28 4d 85 e4 74 23 48 8d 05 f4 66 7a 00 80 

Register to memory mapping:

RAX=0x0000000000000063 is an unknown value
RBX=0x00007f9dd0004220 is an unknown value
RCX=0x00007f9dd6b89320: <offset 0x219320> in /lib/x86_64-linux-gnu/libpthread.so.0 at 0x00007f9dd6970000
RDX=0x0000000000000001 is an unknown value
RSP=0x00007f9da7df99d0 is pointing into the stack for thread: 0x00007f9dd00b7000
RBP=0x00007f9da7df9a30 is pointing into the stack for thread: 0x00007f9dd00b7000
RSI=0x00007f9dd00b7000 is a thread
RDI=0x00007f9dd0004220 is an unknown value
R8 =0x0000000000000000 is an unknown value
R9 =0x00007f9da0004240 is an unknown value
R10=0x00007f9dc9658281 is an unknown value
R11=0x00007f9dd6f0a760: <offset 0x178760> in /lib/x86_64-linux-gnu/libc.so.6 at 0x00007f9dd6d92000
R12=0x003b003b79003b65 is an unknown value
R13=0x00007f9da7df9a97 is pointing into the stack for thread: 0x00007f9dd00b7000
R14=0x00007f9dd00b7000 is a thread
R15=0x00007f9da7df99e0 is pointing into the stack for thread: 0x00007f9dd00b7000


Stack: [0x00007f9da7cfa000,0x00007f9da7dfb000],  sp=0x00007f9da7df99d0,  free space=1022k
Native frames: (J=compiled Java code, j=interpreted, Vv=VM code, C=native code)
V  [libjvm.so+0x644fc0]
C  [libjdwp.so+0x26ab9]
C  [libjdwp.so+0x75f8]
C  [libjdwp.so+0x11698]
C  [libjdwp.so+0x23795]
V  [libjvm.so+0x6b14eb]
V  [libjvm.so+0x907e50]
V  [libjvm.so+0x9080c1]
V  [libjvm.so+0x7cc682]


---------------  P R O C E S S  ---------------

Java Threads: ( => current thread )
  0x00007f9dd03bf800 JavaThread "Abandoned connection cleanup thread" daemon [_thread_blocked, id=18851, stack(0x00007f9da5dd7000,0x00007f9da5ed8000)]
  0x00007f9dd00c2000 JavaThread "Service Thread" daemon [_thread_blocked, id=18847, stack(0x00007f9da77f5000,0x00007f9da78f6000)]
  0x00007f9dd00c0000 JavaThread "C2 CompilerThread1" daemon [_thread_blocked, id=18846, stack(0x00007f9da78f6000,0x00007f9da79f7000)]
  0x00007f9dd00bd000 JavaThread "C2 CompilerThread0" daemon [_thread_blocked, id=18845, stack(0x00007f9da79f7000,0x00007f9da7af8000)]
  0x00007f9da0001000 JavaThread "JDWP Command Reader" daemon [_thread_in_native, id=18838, stack(0x00007f9da7af8000,0x00007f9da7bf9000)]
  0x00007f9dd00ba800 JavaThread "JDWP Event Helper Thread" daemon [_thread_blocked, id=18836, stack(0x00007f9da7bf9000,0x00007f9da7cfa000)]
=>0x00007f9dd00b7000 JavaThread "JDWP Transport Listener: dt_socket" daemon [_thread_in_vm, id=18834, stack(0x00007f9da7cfa000,0x00007f9da7dfb000)]
  0x00007f9dd00aa000 JavaThread "Signal Dispatcher" daemon [_thread_blocked, id=18832, stack(0x00007f9dc8018000,0x00007f9dc8119000)]
  0x00007f9dd007f800 JavaThread "Finalizer" daemon [_thread_blocked, id=18831, stack(0x00007f9dc8119000,0x00007f9dc821a000)]
  0x00007f9dd007d800 JavaThread "Reference Handler" daemon [_thread_blocked, id=18830, stack(0x00007f9dc821a000,0x00007f9dc831b000)]
  0x00007f9dd000e000 JavaThread "main" [_thread_blocked, id=18823, stack(0x00007f9dd7465000,0x00007f9dd7566000)]

Other Threads:
  0x00007f9dd0079800 VMThread [stack: 0x00007f9dc831b000,0x00007f9dc841c000] [id=18829]
  0x00007f9dd00cd000 WatcherThread [stack: 0x00007f9da76f4000,0x00007f9da77f5000] [id=18848]

VM state:not at safepoint (normal execution)

VM Mutex/Monitor currently owned by a thread: None

Heap
 PSYoungGen      total 17920K, used 5602K [0x00000000ec000000, 0x00000000ee300000, 0x0000000100000000)
  eden space 15360K, 19% used [0x00000000ec000000,0x00000000ec2fc868,0x00000000ecf00000)
  from space 2560K, 99% used [0x00000000ecf00000,0x00000000ed17c060,0x00000000ed180000)
  to   space 2560K, 0% used [0x00000000ee080000,0x00000000ee080000,0x00000000ee300000)
 ParOldGen       total 40960K, used 5492K [0x00000000c4000000, 0x00000000c6800000, 0x00000000ec000000)
  object space 40960K, 13% used [0x00000000c4000000,0x00000000c455d0b0,0x00000000c6800000)
 PSPermGen       total 21504K, used 17161K [0x00000000b9a00000, 0x00000000baf00000, 0x00000000c4000000)
  object space 21504K, 79% used [0x00000000b9a00000,0x00000000baac26b8,0x00000000baf00000)

Card table byte_map: [0x00007f9dcc16b000,0x00007f9dcc39f000] byte_map_base: 0x00007f9dcbb9e000

Polling page: 0x00007f9dd7584000

Code Cache  [0x00007f9dcc39f000, 0x00007f9dcc60f000, 0x00007f9dcf39f000)
 total_blobs=486 nmethods=134 adapters=313 free_code_cache=48348Kb largest_free_block=49485312

Compilation events (10 events):
Event: 2,046 Thread 0x00007f9dd00bd000 nmethod 131 0x00007f9dcc464050 code [0x00007f9dcc4641a0, 0x00007f9dcc464258]
Event: 2,053 Thread 0x00007f9dd00c0000 nmethod 130 0x00007f9dcc466310 code [0x00007f9dcc466540, 0x00007f9dcc4670e0]
Event: 2,107 Thread 0x00007f9dd00bd000  132             java.util.concurrent.ConcurrentHashMap$Segment::rehash (262 bytes)
Event: 2,120 Thread 0x00007f9dd00bd000 nmethod 132 0x00007f9dcc4648d0 code [0x00007f9dcc464a60, 0x00007f9dcc465118]
Event: 521,929 Thread 0x00007f9dd00c0000  133             java.lang.ref.ReferenceQueue::reallyPoll (69 bytes)
Event: 521,930 Thread 0x00007f9dd00c0000 nmethod 133 0x00007f9dcc45d850 code [0x00007f9dcc45d980, 0x00007f9dcc45d9f8]
Event: 952,750 Thread 0x00007f9dd00bd000  134   !         java.lang.ref.ReferenceQueue::remove (80 bytes)
Event: 952,755 Thread 0x00007f9dd00bd000 nmethod 134 0x00007f9dcc46b910 code [0x00007f9dcc46ba80, 0x00007f9dcc46bf48]
Event: 1459,753 Thread 0x00007f9dd00c0000  136 % !         com.mysql.jdbc.AbandonedConnectionCleanupThread::run @ 4 (62 bytes)
Event: 1459,757 Thread 0x00007f9dd00c0000 nmethod 136% 0x00007f9dcc46a010 code [0x00007f9dcc46a160, 0x00007f9dcc46a2a8]

GC Heap History (6 events):
Event: 0,877 GC heap before
{Heap before GC invocations=1 (full 0):
 PSYoungGen      total 17920K, used 15360K [0x00000000ec000000, 0x00000000ed400000, 0x0000000100000000)
  eden space 15360K, 100% used [0x00000000ec000000,0x00000000ecf00000,0x00000000ecf00000)
  from space 2560K, 0% used [0x00000000ed180000,0x00000000ed180000,0x00000000ed400000)
  to   space 2560K, 0% used [0x00000000ecf00000,0x00000000ecf00000,0x00000000ed180000)
 ParOldGen       total 40960K, used 0K [0x00000000c4000000, 0x00000000c6800000, 0x00000000ec000000)
  object space 40960K, 0% used [0x00000000c4000000,0x00000000c4000000,0x00000000c6800000)
 PSPermGen       total 21504K, used 9193K [0x00000000b9a00000, 0x00000000baf00000, 0x00000000c4000000)
  object space 21504K, 42% used [0x00000000b9a00000,0x00000000ba2fa790,0x00000000baf00000)
Event: 0,883 GC heap after
Heap after GC invocations=1 (full 0):
 PSYoungGen      total 17920K, used 2531K [0x00000000ec000000, 0x00000000ed400000, 0x0000000100000000)
  eden space 15360K, 0% used [0x00000000ec000000,0x00000000ec000000,0x00000000ecf00000)
  from space 2560K, 98% used [0x00000000ecf00000,0x00000000ed178cd8,0x00000000ed180000)
  to   space 2560K, 0% used [0x00000000ed180000,0x00000000ed180000,0x00000000ed400000)
 ParOldGen       total 40960K, used 647K [0x00000000c4000000, 0x00000000c6800000, 0x00000000ec000000)
  object space 40960K, 1% used [0x00000000c4000000,0x00000000c40a1d90,0x00000000c6800000)
 PSPermGen       total 21504K, used 9193K [0x00000000b9a00000, 0x00000000baf00000, 0x00000000c4000000)
  object space 21504K, 42% used [0x00000000b9a00000,0x00000000ba2fa790,0x00000000baf00000)
}
Event: 1,511 GC heap before
{Heap before GC invocations=2 (full 0):
 PSYoungGen      total 17920K, used 17891K [0x00000000ec000000, 0x00000000ed400000, 0x0000000100000000)
  eden space 15360K, 100% used [0x00000000ec000000,0x00000000ecf00000,0x00000000ecf00000)
  from space 2560K, 98% used [0x00000000ecf00000,0x00000000ed178cd8,0x00000000ed180000)
  to   space 2560K, 0% used [0x00000000ed180000,0x00000000ed180000,0x00000000ed400000)
 ParOldGen       total 40960K, used 647K [0x00000000c4000000, 0x00000000c6800000, 0x00000000ec000000)
  object space 40960K, 1% used [0x00000000c4000000,0x00000000c40a1d90,0x00000000c6800000)
 PSPermGen       total 21504K, used 13550K [0x00000000b9a00000, 0x00000000baf00000, 0x00000000c4000000)
  object space 21504K, 63% used [0x00000000b9a00000,0x00000000ba73bb28,0x00000000baf00000)
Event: 1,523 GC heap after
Heap after GC invocations=2 (full 0):
 PSYoungGen      total 17920K, used 2559K [0x00000000ec000000, 0x00000000ee300000, 0x0000000100000000)
  eden space 15360K, 0% used [0x00000000ec000000,0x00000000ec000000,0x00000000ecf00000)
  from space 2560K, 99% used [0x00000000ed180000,0x00000000ed3ffe90,0x00000000ed400000)
  to   space 2560K, 0% used [0x00000000ecf00000,0x00000000ecf00000,0x00000000ed180000)
 ParOldGen       total 40960K, used 2948K [0x00000000c4000000, 0x00000000c6800000, 0x00000000ec000000)
  object space 40960K, 7% used [0x00000000c4000000,0x00000000c42e1198,0x00000000c6800000)
 PSPermGen       total 21504K, used 13550K [0x00000000b9a00000, 0x00000000baf00000, 0x00000000c4000000)
  object space 21504K, 63% used [0x00000000b9a00000,0x00000000ba73bb28,0x00000000baf00000)
}
Event: 2,065 GC heap before
{Heap before GC invocations=3 (full 0):
 PSYoungGen      total 17920K, used 17919K [0x00000000ec000000, 0x00000000ee300000, 0x0000000100000000)
  eden space 15360K, 100% used [0x00000000ec000000,0x00000000ecf00000,0x00000000ecf00000)
  from space 2560K, 99% used [0x00000000ed180000,0x00000000ed3ffe90,0x00000000ed400000)
  to   space 2560K, 0% used [0x00000000ecf00000,0x00000000ecf00000,0x00000000ed180000)
 ParOldGen       total 40960K, used 2948K [0x00000000c4000000, 0x00000000c6800000, 0x00000000ec000000)
  object space 40960K, 7% used [0x00000000c4000000,0x00000000c42e1198,0x00000000c6800000)
 PSPermGen       total 21504K, used 16774K [0x00000000b9a00000, 0x00000000baf00000, 0x00000000c4000000)
  object space 21504K, 78% used [0x00000000b9a00000,0x00000000baa61aa0,0x00000000baf00000)
Event: 2,074 GC heap after
Heap after GC invocations=3 (full 0):
 PSYoungGen      total 17920K, used 2544K [0x00000000ec000000, 0x00000000ee300000, 0x0000000100000000)
  eden space 15360K, 0% used [0x00000000ec000000,0x00000000ec000000,0x00000000ecf00000)
  from space 2560K, 99% used [0x00000000ecf00000,0x00000000ed17c060,0x00000000ed180000)
  to   space 2560K, 0% used [0x00000000ee080000,0x00000000ee080000,0x00000000ee300000)
 ParOldGen       total 40960K, used 5492K [0x00000000c4000000, 0x00000000c6800000, 0x00000000ec000000)
  object space 40960K, 13% used [0x00000000c4000000,0x00000000c455d0b0,0x00000000c6800000)
 PSPermGen       total 21504K, used 16774K [0x00000000b9a00000, 0x00000000baf00000, 0x00000000c4000000)
  object space 21504K, 78% used [0x00000000b9a00000,0x00000000baa61aa0,0x00000000baf00000)
}

Deoptimization events (10 events):
Event: 0,973 Thread 0x00007f9dd000e000 Uncommon trap: reason=class_check action=maybe_recompile pc=0x00007f9dcc413c14 method=java.lang.String.equals(Ljava/lang/Object;)Z @ 8
Event: 0,974 Thread 0x00007f9dd000e000 Uncommon trap: reason=class_check action=maybe_recompile pc=0x00007f9dcc413c14 method=java.lang.String.equals(Ljava/lang/Object;)Z @ 8
Event: 0,974 Thread 0x00007f9dd000e000 Uncommon trap: reason=class_check action=maybe_recompile pc=0x00007f9dcc413c14 method=java.lang.String.equals(Ljava/lang/Object;)Z @ 8
Event: 1,065 Thread 0x00007f9dd000e000 Uncommon trap: reason=unstable_if action=reinterpret pc=0x00007f9dcc41aa94 method=java.util.HashMap.getEntry(Ljava/lang/Object;)Ljava/util/HashMap$Entry; @ 10
Event: 1,076 Thread 0x00007f9dd000e000 Uncommon trap: reason=unstable_if action=reinterpret pc=0x00007f9dcc41485c method=java.lang.AbstractStringBuilder.append(Ljava/lang/String;)Ljava/lang/AbstractStringBuilder; @ 1
Event: 1,339 Thread 0x00007f9dd000e000 Uncommon trap: reason=class_check action=maybe_recompile pc=0x00007f9dcc421f60 method=java.util.Properties$LineReader.readLine()I @ 62
Event: 1,340 Thread 0x00007f9dd000e000 Uncommon trap: reason=unstable_if action=reinterpret pc=0x00007f9dcc421e20 method=java.util.Properties$LineReader.readLine()I @ 166
Event: 1,341 Thread 0x00007f9dd000e000 Uncommon trap: reason=unstable_if action=reinterpret pc=0x00007f9dcc4359e8 method=java.util.Properties.load0(Ljava/util/Properties$LineReader;)V @ 80
Event: 1,405 Thread 0x00007f9dd000e000 Uncommon trap: reason=unstable_if action=reinterpret pc=0x00007f9dcc4383e8 method=com.mysql.jdbc.SingleByteCharsetConverter.<clinit>()V @ 63
Event: 2,129 Thread 0x00007f9dd000e000 Uncommon trap: reason=unstable_if action=reinterpret pc=0x00007f9dcc45ceb4 method=java.lang.Class$MethodArray.removeByNameAndSignature(Ljava/lang/reflect/Method;)V @ 54

Internal exceptions (10 events):
Event: 171,701 Thread 0x00007f9dd000e000 Threw 0x00000000ec260de8 at /build/openjdk-7-2FOwCu/openjdk-7-7u95-2.6.4/build/openjdk/hotspot/src/share/vm/prims/jvm.cpp:1322
Event: 171,703 Thread 0x00007f9dd000e000 Threw 0x00000000ec264a68 at /build/openjdk-7-2FOwCu/openjdk-7-7u95-2.6.4/build/openjdk/hotspot/src/share/vm/prims/jvm.cpp:1322
Event: 171,705 Thread 0x00007f9dd000e000 Threw 0x00000000ec271f90 at /build/openjdk-7-2FOwCu/openjdk-7-7u95-2.6.4/build/openjdk/hotspot/src/share/vm/prims/jvm.cpp:1322
Event: 171,706 Thread 0x00007f9dd000e000 Threw 0x00000000ec2744e0 at /build/openjdk-7-2FOwCu/openjdk-7-7u95-2.6.4/build/openjdk/hotspot/src/share/vm/prims/jvm.cpp:1322
Event: 171,707 Thread 0x00007f9dd000e000 Threw 0x00000000ec2757f0 at /build/openjdk-7-2FOwCu/openjdk-7-7u95-2.6.4/build/openjdk/hotspot/src/share/vm/prims/jvm.cpp:1322
Event: 171,708 Thread 0x00007f9dd000e000 Threw 0x00000000ec277cc8 at /build/openjdk-7-2FOwCu/openjdk-7-7u95-2.6.4/build/openjdk/hotspot/src/share/vm/prims/jvm.cpp:1322
Event: 171,710 Thread 0x00007f9dd000e000 Threw 0x00000000ec27add8 at /build/openjdk-7-2FOwCu/openjdk-7-7u95-2.6.4/build/openjdk/hotspot/src/share/vm/prims/jvm.cpp:1322
Event: 171,715 Thread 0x00007f9dd000e000 Threw 0x00000000ec281c68 at /build/openjdk-7-2FOwCu/openjdk-7-7u95-2.6.4/build/openjdk/hotspot/src/share/vm/prims/jvm.cpp:1322
Event: 171,717 Thread 0x00007f9dd000e000 Threw 0x00000000ec2869b0 at /build/openjdk-7-2FOwCu/openjdk-7-7u95-2.6.4/build/openjdk/hotspot/src/share/vm/prims/jvm.cpp:1322
Event: 171,725 Thread 0x00007f9dd000e000 Threw 0x00000000ec290a70 at /build/openjdk-7-2FOwCu/openjdk-7-7u95-2.6.4/build/openjdk/hotspot/src/share/vm/prims/jvm.cpp:1322

Events (10 events):
Event: 12685,947 Executing VM operation: GetCurrentLocation
Event: 12685,955 Executing VM operation: GetCurrentLocation done
Event: 12685,955 Executing VM operation: EnterInterpOnlyMode
Event: 12685,955 Executing VM operation: EnterInterpOnlyMode done
Event: 12685,955 Executing VM operation: ChangeSingleStep
Event: 12685,955 Executing VM operation: ChangeSingleStep done
Event: 12685,955 Executing VM operation: ChangeSingleStep
Event: 12685,955 Executing VM operation: ChangeSingleStep done
Event: 12685,963 Executing VM operation: RedefineClasses
Event: 12685,987 Executing VM operation: RedefineClasses done


Dynamic libraries:
00400000-00401000 r-xp 00000000 08:02 29756969                           /usr/lib/jvm/java-7-openjdk-amd64/jre/bin/java
00600000-00601000 r--p 00000000 08:02 29756969                           /usr/lib/jvm/java-7-openjdk-amd64/jre/bin/java
00601000-00602000 rw-p 00001000 08:02 29756969                           /usr/lib/jvm/java-7-openjdk-amd64/jre/bin/java
01d28000-01d49000 rw-p 00000000 00:00 0                                  [heap]
b9a00000-baf00000 rw-p 00000000 00:00 0 
baf00000-c4000000 rw-p 00000000 00:00 0 
c4000000-c6800000 rw-p 00000000 00:00 0 
c6800000-ec000000 rw-p 00000000 00:00 0 
ec000000-ee300000 rw-p 00000000 00:00 0 
ee300000-100000000 rw-p 00000000 00:00 0 
7f9d80000000-7f9d80021000 rw-p 00000000 00:00 0 
7f9d80021000-7f9d84000000 ---p 00000000 00:00 0 
7f9d88000000-7f9d88021000 rw-p 00000000 00:00 0 
7f9d88021000-7f9d8c000000 ---p 00000000 00:00 0 
7f9d8c000000-7f9d8c021000 rw-p 00000000 00:00 0 
7f9d8c021000-7f9d90000000 ---p 00000000 00:00 0 
7f9d90000000-7f9d9039f000 rw-p 00000000 00:00 0 
7f9d9039f000-7f9d94000000 ---p 00000000 00:00 0 
7f9d94000000-7f9d94451000 rw-p 00000000 00:00 0 
7f9d94451000-7f9d98000000 ---p 00000000 00:00 0 
7f9d98000000-7f9d98021000 rw-p 00000000 00:00 0 
7f9d98021000-7f9d9c000000 ---p 00000000 00:00 0 
7f9d9c000000-7f9d9c021000 rw-p 00000000 00:00 0 
7f9d9c021000-7f9da0000000 ---p 00000000 00:00 0 
7f9da0000000-7f9da0021000 rw-p 00000000 00:00 0 
7f9da0021000-7f9da4000000 ---p 00000000 00:00 0 
7f9da5dd7000-7f9da5dda000 ---p 00000000 00:00 0 
7f9da5dda000-7f9da5f09000 rw-p 00000000 00:00 0                          [stack:18851]
7f9da5f09000-7f9da5f46000 r-xp 00000000 08:02 8392888                    /lib/x86_64-linux-gnu/libpcre.so.3.13.1
7f9da5f46000-7f9da6145000 ---p 0003d000 08:02 8392888                    /lib/x86_64-linux-gnu/libpcre.so.3.13.1
7f9da6145000-7f9da6146000 r--p 0003c000 08:02 8392888                    /lib/x86_64-linux-gnu/libpcre.so.3.13.1
7f9da6146000-7f9da6147000 rw-p 0003d000 08:02 8392888                    /lib/x86_64-linux-gnu/libpcre.so.3.13.1
7f9da6147000-7f9da614e000 r-xp 00000000 08:02 25429316                   /usr/lib/x86_64-linux-gnu/libffi.so.6.0.1
7f9da614e000-7f9da634d000 ---p 00007000 08:02 25429316                   /usr/lib/x86_64-linux-gnu/libffi.so.6.0.1
7f9da634d000-7f9da634e000 r--p 00006000 08:02 25429316                   /usr/lib/x86_64-linux-gnu/libffi.so.6.0.1
7f9da634e000-7f9da634f000 rw-p 00007000 08:02 25429316                   /usr/lib/x86_64-linux-gnu/libffi.so.6.0.1
7f9da634f000-7f9da6366000 r-xp 00000000 08:02 8392911                    /lib/x86_64-linux-gnu/libresolv-2.19.so
7f9da6366000-7f9da6566000 ---p 00017000 08:02 8392911                    /lib/x86_64-linux-gnu/libresolv-2.19.so
7f9da6566000-7f9da6567000 r--p 00017000 08:02 8392911                    /lib/x86_64-linux-gnu/libresolv-2.19.so
7f9da6567000-7f9da6568000 rw-p 00018000 08:02 8392911                    /lib/x86_64-linux-gnu/libresolv-2.19.so
7f9da6568000-7f9da656a000 rw-p 00000000 00:00 0 
7f9da656a000-7f9da658a000 r-xp 00000000 08:02 8392915                    /lib/x86_64-linux-gnu/libselinux.so.1
7f9da658a000-7f9da6789000 ---p 00020000 08:02 8392915                    /lib/x86_64-linux-gnu/libselinux.so.1
7f9da6789000-7f9da678a000 r--p 0001f000 08:02 8392915                    /lib/x86_64-linux-gnu/libselinux.so.1
7f9da678a000-7f9da678b000 rw-p 00020000 08:02 8392915                    /lib/x86_64-linux-gnu/libselinux.so.1
7f9da678b000-7f9da678d000 rw-p 00000000 00:00 0 
7f9da678d000-7f9da6790000 r-xp 00000000 08:02 25436041                   /usr/lib/x86_64-linux-gnu/libgmodule-2.0.so.0.4002.0
7f9da6790000-7f9da698f000 ---p 00003000 08:02 25436041                   /usr/lib/x86_64-linux-gnu/libgmodule-2.0.so.0.4002.0
7f9da698f000-7f9da6990000 r--p 00002000 08:02 25436041                   /usr/lib/x86_64-linux-gnu/libgmodule-2.0.so.0.4002.0
7f9da6990000-7f9da6991000 rw-p 00003000 08:02 25436041                   /usr/lib/x86_64-linux-gnu/libgmodule-2.0.so.0.4002.0
7f9da6991000-7f9da6a97000 r-xp 00000000 08:02 8392816                    /lib/x86_64-linux-gnu/libglib-2.0.so.0.4002.0
7f9da6a97000-7f9da6c96000 ---p 00106000 08:02 8392816                    /lib/x86_64-linux-gnu/libglib-2.0.so.0.4002.0
7f9da6c96000-7f9da6c97000 r--p 00105000 08:02 8392816                    /lib/x86_64-linux-gnu/libglib-2.0.so.0.4002.0
7f9da6c97000-7f9da6c98000 rw-p 00106000 08:02 8392816                    /lib/x86_64-linux-gnu/libglib-2.0.so.0.4002.0
7f9da6c98000-7f9da6c99000 rw-p 00000000 00:00 0 
7f9da6c99000-7f9da6ce8000 r-xp 00000000 08:02 25436057                   /usr/lib/x86_64-linux-gnu/libgobject-2.0.so.0.4002.0
7f9da6ce8000-7f9da6ee8000 ---p 0004f000 08:02 25436057                   /usr/lib/x86_64-linux-gnu/libgobject-2.0.so.0.4002.0
7f9da6ee8000-7f9da6ee9000 r--p 0004f000 08:02 25436057                   /usr/lib/x86_64-linux-gnu/libgobject-2.0.so.0.4002.0
7f9da6ee9000-7f9da6eea000 rw-p 00050000 08:02 25436057                   /usr/lib/x86_64-linux-gnu/libgobject-2.0.so.0.4002.0
7f9da6eea000-7f9da7056000 r-xp 00000000 08:02 25436029                   /usr/lib/x86_64-linux-gnu/libgio-2.0.so.0.4002.0
7f9da7056000-7f9da7255000 ---p 0016c000 08:02 25436029                   /usr/lib/x86_64-linux-gnu/libgio-2.0.so.0.4002.0
7f9da7255000-7f9da7259000 r--p 0016b000 08:02 25436029                   /usr/lib/x86_64-linux-gnu/libgio-2.0.so.0.4002.0
7f9da7259000-7f9da725b000 rw-p 0016f000 08:02 25436029                   /usr/lib/x86_64-linux-gnu/libgio-2.0.so.0.4002.0
7f9da725b000-7f9da725d000 rw-p 00000000 00:00 0 
7f9da7262000-7f9da726d000 r--s 00203000 08:02 29757005                   /usr/lib/jvm/java-7-openjdk-amd64/jre/lib/charsets.jar
7f9da726d000-7f9da7277000 r--s 000ae000 08:02 29757022                   /usr/lib/jvm/java-7-openjdk-amd64/jre/lib/resources.jar
7f9da7277000-7f9da728e000 r-xp 00000000 08:02 29757067                   /usr/lib/jvm/java-7-openjdk-amd64/jre/lib/amd64/libnet.so
7f9da728e000-7f9da748d000 ---p 00017000 08:02 29757067                   /usr/lib/jvm/java-7-openjdk-amd64/jre/lib/amd64/libnet.so
7f9da748d000-7f9da748e000 r--p 00016000 08:02 29757067                   /usr/lib/jvm/java-7-openjdk-amd64/jre/lib/amd64/libnet.so
7f9da748e000-7f9da748f000 rw-p 00017000 08:02 29757067                   /usr/lib/jvm/java-7-openjdk-amd64/jre/lib/amd64/libnet.so
7f9da748f000-7f9da749f000 r-xp 00000000 08:02 29757048                   /usr/lib/jvm/java-7-openjdk-amd64/jre/lib/amd64/libnio.so
7f9da749f000-7f9da769f000 ---p 00010000 08:02 29757048                   /usr/lib/jvm/java-7-openjdk-amd64/jre/lib/amd64/libnio.so
7f9da769f000-7f9da76a0000 r--p 00010000 08:02 29757048                   /usr/lib/jvm/java-7-openjdk-amd64/jre/lib/amd64/libnio.so
7f9da76a0000-7f9da76a1000 rw-p 00011000 08:02 29757048                   /usr/lib/jvm/java-7-openjdk-amd64/jre/lib/amd64/libnio.so
7f9da76a1000-7f9da76ab000 r--s 000e7000 08:02 22676367                   /home/andriy/.m2/repository/mysql/mysql-connector-java/5.1.38/mysql-connector-java-5.1.38.jar
7f9da76ab000-7f9da76f4000 r--s 003c6000 08:02 22676333                   /home/andriy/.m2/repository/org/hibernate/hibernate-core/4.0.1.Final/hibernate-core-4.0.1.Final.jar
7f9da76f4000-7f9da76f5000 ---p 00000000 00:00 0 
7f9da76f5000-7f9da77f5000 rw-p 00000000 00:00 0                          [stack:18848]
7f9da77f5000-7f9da77f8000 ---p 00000000 00:00 0 
7f9da77f8000-7f9da78f6000 rw-p 00000000 00:00 0                          [stack:18847]
7f9da78f6000-7f9da78f9000 ---p 00000000 00:00 0 
7f9da78f9000-7f9da79f7000 rw-p 00000000 00:00 0                          [stack:18846]
7f9da79f7000-7f9da79fa000 ---p 00000000 00:00 0 
7f9da79fa000-7f9da7af8000 rw-p 00000000 00:00 0                          [stack:18845]
7f9da7af8000-7f9da7afb000 ---p 00000000 00:00 0 
7f9da7afb000-7f9da7bf9000 rw-p 00000000 00:00 0                          [stack:18838]
7f9da7bf9000-7f9da7bfc000 ---p 00000000 00:00 0 
7f9da7bfc000-7f9da7cfa000 rw-p 00000000 00:00 0                          [stack:18836]
7f9da7cfa000-7f9da7cfd000 ---p 00000000 00:00 0 
7f9da7cfd000-7f9da7dfb000 rw-p 00000000 00:00 0                          [stack:18834]
7f9da7dfb000-7f9da7dff000 r-xp 00000000 08:02 29757044                   /usr/lib/jvm/java-7-openjdk-amd64/jre/lib/amd64/libdt_socket.so
7f9da7dff000-7f9da7ffe000 ---p 00004000 08:02 29757044                   /usr/lib/jvm/java-7-openjdk-amd64/jre/lib/amd64/libdt_socket.so
7f9da7ffe000-7f9da7fff000 r--p 00003000 08:02 29757044                   /usr/lib/jvm/java-7-openjdk-amd64/jre/lib/amd64/libdt_socket.so
7f9da7fff000-7f9da8000000 rw-p 00004000 08:02 29757044                   /usr/lib/jvm/java-7-openjdk-amd64/jre/lib/amd64/libdt_socket.so
7f9da8000000-7f9da8021000 rw-p 00000000 00:00 0 
7f9da8021000-7f9dac000000 ---p 00000000 00:00 0 
7f9dac000000-7f9dac021000 rw-p 00000000 00:00 0 
7f9dac021000-7f9db0000000 ---p 00000000 00:00 0 
7f9db0000000-7f9db0021000 rw-p 00000000 00:00 0 
7f9db0021000-7f9db4000000 ---p 00000000 00:00 0 
7f9db4000000-7f9db4021000 rw-p 00000000 00:00 0 
7f9db4021000-7f9db8000000 ---p 00000000 00:00 0 
7f9db8000000-7f9db8021000 rw-p 00000000 00:00 0 
7f9db8021000-7f9dbc000000 ---p 00000000 00:00 0 
7f9dbc000000-7f9dbc021000 rw-p 00000000 00:00 0 
7f9dbc021000-7f9dc0000000 ---p 00000000 00:00 0 
7f9dc0000000-7f9dc0021000 rw-p 00000000 00:00 0 
7f9dc0021000-7f9dc4000000 ---p 00000000 00:00 0 
7f9dc4000000-7f9dc4021000 rw-p 00000000 00:00 0 
7f9dc4021000-7f9dc8000000 ---p 00000000 00:00 0 
7f9dc8001000-7f9dc8003000 rw-p 00000000 00:00 0 
7f9dc8003000-7f9dc8007000 r--s 0004f000 08:02 29757006                   /usr/lib/jvm/java-7-openjdk-amd64/jre/lib/jsse.jar
7f9dc8007000-7f9dc800a000 r--s 00011000 08:02 22675579                   /home/andriy/.m2/repository/org/hibernate/common/hibernate-commons-annotations/4.0.1.Final/hibernate-commons-annotations-4.0.1.Final.jar
7f9dc800a000-7f9dc8013000 r--s 00096000 08:02 22675578                   /home/andriy/.m2/repository/org/javassist/javassist/3.15.0-GA/javassist-3.15.0-GA.jar
7f9dc8013000-7f9dc8018000 r--s 00015000 08:02 22675575                   /home/andriy/.m2/repository/org/hibernate/javax/persistence/hibernate-jpa-2.0-api/1.0.1.Final/hibernate-jpa-2.0-api-1.0.1.Final.jar
7f9dc8018000-7f9dc801b000 ---p 00000000 00:00 0 
7f9dc801b000-7f9dc8119000 rw-p 00000000 00:00 0                          [stack:18832]
7f9dc8119000-7f9dc811c000 ---p 00000000 00:00 0 
7f9dc811c000-7f9dc821a000 rw-p 00000000 00:00 0                          [stack:18831]
7f9dc821a000-7f9dc821d000 ---p 00000000 00:00 0 
7f9dc821d000-7f9dc831b000 rw-p 00000000 00:00 0                          [stack:18830]
7f9dc831b000-7f9dc831c000 ---p 00000000 00:00 0 
7f9dc831c000-7f9dc9419000 rw-p 00000000 00:00 0                          [stack:18829]
7f9dc9419000-7f9dc95cb000 r--s 01d2f000 08:02 29757029                   /usr/lib/jvm/java-7-openjdk-amd64/jre/lib/rt.jar
7f9dc95cb000-7f9dcbc27000 rw-p 00000000 00:00 0 
7f9dcbc27000-7f9dcbc28000 ---p 00000000 00:00 0 
7f9dcbc28000-7f9dcbd28000 rw-p 00000000 00:00 0                          [stack:18827]
7f9dcbd28000-7f9dcbd29000 ---p 00000000 00:00 0 
7f9dcbd29000-7f9dcbe29000 rw-p 00000000 00:00 0                          [stack:18826]
7f9dcbe29000-7f9dcbe2a000 ---p 00000000 00:00 0 
7f9dcbe2a000-7f9dcbf2a000 rw-p 00000000 00:00 0                          [stack:18825]
7f9dcbf2a000-7f9dcbf2b000 ---p 00000000 00:00 0 
7f9dcbf2b000-7f9dcc03f000 rw-p 00000000 00:00 0                          [stack:18824]
7f9dcc03f000-7f9dcc16b000 rw-p 00000000 00:00 0 
7f9dcc16b000-7f9dcc176000 rw-p 00000000 00:00 0 
7f9dcc176000-7f9dcc1be000 rw-p 00000000 00:00 0 
7f9dcc1be000-7f9dcc1d2000 rw-p 00000000 00:00 0 
7f9dcc1d2000-7f9dcc2fe000 rw-p 00000000 00:00 0 
7f9dcc2fe000-7f9dcc310000 rw-p 00000000 00:00 0 
7f9dcc310000-7f9dcc39e000 rw-p 00000000 00:00 0 
7f9dcc39e000-7f9dcc39f000 rw-p 00000000 00:00 0 
7f9dcc39f000-7f9dcc60f000 rwxp 00000000 00:00 0 
7f9dcc60f000-7f9dcf39f000 rw-p 00000000 00:00 0 
7f9dcf39f000-7f9dcf3a7000 r-xp 00000000 08:02 29757040                   /usr/lib/jvm/java-7-openjdk-amd64/jre/lib/amd64/libzip.so
7f9dcf3a7000-7f9dcf5a6000 ---p 00008000 08:02 29757040                   /usr/lib/jvm/java-7-openjdk-amd64/jre/lib/amd64/libzip.so
7f9dcf5a6000-7f9dcf5a7000 r--p 00007000 08:02 29757040                   /usr/lib/jvm/java-7-openjdk-amd64/jre/lib/amd64/libzip.so
7f9dcf5a7000-7f9dcf5a8000 rw-p 00008000 08:02 29757040                   /usr/lib/jvm/java-7-openjdk-amd64/jre/lib/amd64/libzip.so
7f9dcf5a8000-7f9dcf5b3000 r-xp 00000000 08:02 8392860                    /lib/x86_64-linux-gnu/libnss_files-2.19.so
7f9dcf5b3000-7f9dcf7b2000 ---p 0000b000 08:02 8392860                    /lib/x86_64-linux-gnu/libnss_files-2.19.so
7f9dcf7b2000-7f9dcf7b3000 r--p 0000a000 08:02 8392860                    /lib/x86_64-linux-gnu/libnss_files-2.19.so
7f9dcf7b3000-7f9dcf7b4000 rw-p 0000b000 08:02 8392860                    /lib/x86_64-linux-gnu/libnss_files-2.19.so
7f9dcf7b4000-7f9dd0000000 r--p 00000000 08:02 25434679                   /usr/lib/locale/locale-archive
7f9dd0000000-7f9dd062e000 rw-p 00000000 00:00 0 
7f9dd062e000-7f9dd4000000 ---p 00000000 00:00 0 
7f9dd4000000-7f9dd4005000 r--s 00016000 08:02 22545492                   /home/andriy/.m2/repository/xml-apis/xml-apis/1.0.b2/xml-apis-1.0.b2.jar
7f9dd4005000-7f9dd400a000 r--s 00048000 08:02 22545490                   /home/andriy/.m2/repository/dom4j/dom4j/1.6.1/dom4j-1.6.1.jar
7f9dd400a000-7f9dd400f000 r--s 00068000 08:02 22545894                   /home/andriy/.m2/repository/antlr/antlr/2.7.7/antlr-2.7.7.jar
7f9dd400f000-7f9dd401d000 r--s 0007f000 08:02 22676335                   /home/andriy/.m2/repository/commons-collections/commons-collections/3.2.1/commons-collections-3.2.1.jar
7f9dd401d000-7f9dd4028000 rw-p 00000000 00:00 0 
7f9dd4028000-7f9dd4070000 rw-p 00000000 00:00 0 
7f9dd4070000-7f9dd407b000 r-xp 00000000 08:02 8392870                    /lib/x86_64-linux-gnu/libnss_nis-2.19.so
7f9dd407b000-7f9dd427a000 ---p 0000b000 08:02 8392870                    /lib/x86_64-linux-gnu/libnss_nis-2.19.so
7f9dd427a000-7f9dd427b000 r--p 0000a000 08:02 8392870                    /lib/x86_64-linux-gnu/libnss_nis-2.19.so
7f9dd427b000-7f9dd427c000 rw-p 0000b000 08:02 8392870                    /lib/x86_64-linux-gnu/libnss_nis-2.19.so
7f9dd427c000-7f9dd4293000 r-xp 00000000 08:02 8392854                    /lib/x86_64-linux-gnu/libnsl-2.19.so
7f9dd4293000-7f9dd4492000 ---p 00017000 08:02 8392854                    /lib/x86_64-linux-gnu/libnsl-2.19.so
7f9dd4492000-7f9dd4493000 r--p 00016000 08:02 8392854                    /lib/x86_64-linux-gnu/libnsl-2.19.so
7f9dd4493000-7f9dd4494000 rw-p 00017000 08:02 8392854                    /lib/x86_64-linux-gnu/libnsl-2.19.so
7f9dd4494000-7f9dd4496000 rw-p 00000000 00:00 0 
7f9dd4496000-7f9dd449f000 r-xp 00000000 08:02 8392856                    /lib/x86_64-linux-gnu/libnss_compat-2.19.so
7f9dd449f000-7f9dd469e000 ---p 00009000 08:02 8392856                    /lib/x86_64-linux-gnu/libnss_compat-2.19.so
7f9dd469e000-7f9dd469f000 r--p 00008000 08:02 8392856                    /lib/x86_64-linux-gnu/libnss_compat-2.19.so
7f9dd469f000-7f9dd46a0000 rw-p 00009000 08:02 8392856                    /lib/x86_64-linux-gnu/libnss_compat-2.19.so
7f9dd46a0000-7f9dd46a2000 r-xp 00000000 08:02 29757050                   /usr/lib/jvm/java-7-openjdk-amd64/jre/lib/amd64/libnpt.so
7f9dd46a2000-7f9dd48a2000 ---p 00002000 08:02 29757050                   /usr/lib/jvm/java-7-openjdk-amd64/jre/lib/amd64/libnpt.so
7f9dd48a2000-7f9dd48a3000 r--p 00002000 08:02 29757050                   /usr/lib/jvm/java-7-openjdk-amd64/jre/lib/amd64/libnpt.so
7f9dd48a3000-7f9dd48a4000 rw-p 00003000 08:02 29757050                   /usr/lib/jvm/java-7-openjdk-amd64/jre/lib/amd64/libnpt.so
7f9dd48a4000-7f9dd48de000 r-xp 00000000 08:02 29757060                   /usr/lib/jvm/java-7-openjdk-amd64/jre/lib/amd64/libjdwp.so
7f9dd48de000-7f9dd4add000 ---p 0003a000 08:02 29757060                   /usr/lib/jvm/java-7-openjdk-amd64/jre/lib/amd64/libjdwp.so
7f9dd4add000-7f9dd4ade000 r--p 00039000 08:02 29757060                   /usr/lib/jvm/java-7-openjdk-amd64/jre/lib/amd64/libjdwp.so
7f9dd4ade000-7f9dd4adf000 rw-p 0003a000 08:02 29757060                   /usr/lib/jvm/java-7-openjdk-amd64/jre/lib/amd64/libjdwp.so
7f9dd4adf000-7f9dd4b0a000 r-xp 00000000 08:02 29757063                   /usr/lib/jvm/java-7-openjdk-amd64/jre/lib/amd64/libjava.so
7f9dd4b0a000-7f9dd4d0a000 ---p 0002b000 08:02 29757063                   /usr/lib/jvm/java-7-openjdk-amd64/jre/lib/amd64/libjava.so
7f9dd4d0a000-7f9dd4d0b000 r--p 0002b000 08:02 29757063                   /usr/lib/jvm/java-7-openjdk-amd64/jre/lib/amd64/libjava.so
7f9dd4d0b000-7f9dd4d0d000 rw-p 0002c000 08:02 29757063                   /usr/lib/jvm/java-7-openjdk-amd64/jre/lib/amd64/libjava.so
7f9dd4d0d000-7f9dd4d1d000 r-xp 00000000 08:02 29757046                   /usr/lib/jvm/java-7-openjdk-amd64/jre/lib/amd64/libverify.so
7f9dd4d1d000-7f9dd4f1c000 ---p 00010000 08:02 29757046                   /usr/lib/jvm/java-7-openjdk-amd64/jre/lib/amd64/libverify.so
7f9dd4f1c000-7f9dd4f1e000 r--p 0000f000 08:02 29757046                   /usr/lib/jvm/java-7-openjdk-amd64/jre/lib/amd64/libverify.so
7f9dd4f1e000-7f9dd4f1f000 rw-p 00011000 08:02 29757046                   /usr/lib/jvm/java-7-openjdk-amd64/jre/lib/amd64/libverify.so
7f9dd4f1f000-7f9dd4f26000 r-xp 00000000 08:02 8392913                    /lib/x86_64-linux-gnu/librt-2.19.so
7f9dd4f26000-7f9dd5125000 ---p 00007000 08:02 8392913                    /lib/x86_64-linux-gnu/librt-2.19.so
7f9dd5125000-7f9dd5126000 r--p 00006000 08:02 8392913                    /lib/x86_64-linux-gnu/librt-2.19.so
7f9dd5126000-7f9dd5127000 rw-p 00007000 08:02 8392913                    /lib/x86_64-linux-gnu/librt-2.19.so
7f9dd5127000-7f9dd513d000 r-xp 00000000 08:02 8388613                    /lib/x86_64-linux-gnu/libgcc_s.so.1
7f9dd513d000-7f9dd533c000 ---p 00016000 08:02 8388613                    /lib/x86_64-linux-gnu/libgcc_s.so.1
7f9dd533c000-7f9dd533d000 rw-p 00015000 08:02 8388613                    /lib/x86_64-linux-gnu/libgcc_s.so.1
7f9dd533d000-7f9dd5442000 r-xp 00000000 08:02 8392835                    /lib/x86_64-linux-gnu/libm-2.19.so
7f9dd5442000-7f9dd5641000 ---p 00105000 08:02 8392835                    /lib/x86_64-linux-gnu/libm-2.19.so
7f9dd5641000-7f9dd5642000 r--p 00104000 08:02 8392835                    /lib/x86_64-linux-gnu/libm-2.19.so
7f9dd5642000-7f9dd5643000 rw-p 00105000 08:02 8392835                    /lib/x86_64-linux-gnu/libm-2.19.so
7f9dd5643000-7f9dd5729000 r-xp 00000000 08:02 25428146                   /usr/lib/x86_64-linux-gnu/libstdc++.so.6.0.19
7f9dd5729000-7f9dd5928000 ---p 000e6000 08:02 25428146                   /usr/lib/x86_64-linux-gnu/libstdc++.so.6.0.19
7f9dd5928000-7f9dd5930000 r--p 000e5000 08:02 25428146                   /usr/lib/x86_64-linux-gnu/libstdc++.so.6.0.19
7f9dd5930000-7f9dd5932000 rw-p 000ed000 08:02 25428146                   /usr/lib/x86_64-linux-gnu/libstdc++.so.6.0.19
7f9dd5932000-7f9dd5947000 rw-p 00000000 00:00 0 
7f9dd5947000-7f9dd646c000 r-xp 00000000 08:02 29757042                   /usr/lib/jvm/java-7-openjdk-amd64/jre/lib/amd64/server/libjvm.so
7f9dd646c000-7f9dd666c000 ---p 00b25000 08:02 29757042                   /usr/lib/jvm/java-7-openjdk-amd64/jre/lib/amd64/server/libjvm.so
7f9dd666c000-7f9dd6706000 r--p 00b25000 08:02 29757042                   /usr/lib/jvm/java-7-openjdk-amd64/jre/lib/amd64/server/libjvm.so
7f9dd6706000-7f9dd6729000 rw-p 00bbf000 08:02 29757042                   /usr/lib/jvm/java-7-openjdk-amd64/jre/lib/amd64/server/libjvm.so
7f9dd6729000-7f9dd6757000 rw-p 00000000 00:00 0 
7f9dd6757000-7f9dd676f000 r-xp 00000000 08:02 8392948                    /lib/x86_64-linux-gnu/libz.so.1.2.8
7f9dd676f000-7f9dd696e000 ---p 00018000 08:02 8392948                    /lib/x86_64-linux-gnu/libz.so.1.2.8
7f9dd696e000-7f9dd696f000 r--p 00017000 08:02 8392948                    /lib/x86_64-linux-gnu/libz.so.1.2.8
7f9dd696f000-7f9dd6970000 rw-p 00018000 08:02 8392948                    /lib/x86_64-linux-gnu/libz.so.1.2.8
7f9dd6970000-7f9dd6989000 r-xp 00000000 08:02 8392905                    /lib/x86_64-linux-gnu/libpthread-2.19.so
7f9dd6989000-7f9dd6b88000 ---p 00019000 08:02 8392905                    /lib/x86_64-linux-gnu/libpthread-2.19.so
7f9dd6b88000-7f9dd6b89000 r--p 00018000 08:02 8392905                    /lib/x86_64-linux-gnu/libpthread-2.19.so
7f9dd6b89000-7f9dd6b8a000 rw-p 00019000 08:02 8392905                    /lib/x86_64-linux-gnu/libpthread-2.19.so
7f9dd6b8a000-7f9dd6b8e000 rw-p 00000000 00:00 0 
7f9dd6b8e000-7f9dd6b91000 r-xp 00000000 08:02 8392802                    /lib/x86_64-linux-gnu/libdl-2.19.so
7f9dd6b91000-7f9dd6d90000 ---p 00003000 08:02 8392802                    /lib/x86_64-linux-gnu/libdl-2.19.so
7f9dd6d90000-7f9dd6d91000 r--p 00002000 08:02 8392802                    /lib/x86_64-linux-gnu/libdl-2.19.so
7f9dd6d91000-7f9dd6d92000 rw-p 00003000 08:02 8392802                    /lib/x86_64-linux-gnu/libdl-2.19.so
7f9dd6d92000-7f9dd6f4d000 r-xp 00000000 08:02 8392785                    /lib/x86_64-linux-gnu/libc-2.19.so
7f9dd6f4d000-7f9dd714c000 ---p 001bb000 08:02 8392785                    /lib/x86_64-linux-gnu/libc-2.19.so
7f9dd714c000-7f9dd7150000 r--p 001ba000 08:02 8392785                    /lib/x86_64-linux-gnu/libc-2.19.so
7f9dd7150000-7f9dd7152000 rw-p 001be000 08:02 8392785                    /lib/x86_64-linux-gnu/libc-2.19.so
7f9dd7152000-7f9dd7157000 rw-p 00000000 00:00 0 
7f9dd7157000-7f9dd7164000 r-xp 00000000 08:02 29757035                   /usr/lib/jvm/java-7-openjdk-amd64/jre/lib/amd64/jli/libjli.so
7f9dd7164000-7f9dd7363000 ---p 0000d000 08:02 29757035                   /usr/lib/jvm/java-7-openjdk-amd64/jre/lib/amd64/jli/libjli.so
7f9dd7363000-7f9dd7364000 r--p 0000c000 08:02 29757035                   /usr/lib/jvm/java-7-openjdk-amd64/jre/lib/amd64/jli/libjli.so
7f9dd7364000-7f9dd7365000 rw-p 0000d000 08:02 29757035                   /usr/lib/jvm/java-7-openjdk-amd64/jre/lib/amd64/jli/libjli.so
7f9dd7365000-7f9dd7388000 r-xp 00000000 08:02 8392761                    /lib/x86_64-linux-gnu/ld-2.19.so
7f9dd7388000-7f9dd738a000 r--s 0000d000 08:02 22676337                   /home/andriy/.m2/repository/org/jboss/logging/jboss-logging/3.1.0.CR2/jboss-logging-3.1.0.CR2.jar
7f9dd738a000-7f9dd738b000 r--s 00002000 08:02 22675573                   /home/andriy/.m2/repository/org/jboss/spec/javax/transaction/jboss-transaction-api_1.1_spec/1.0.0.Final/jboss-transaction-api_1.1_spec-1.0.0.Final.jar
7f9dd738b000-7f9dd738d000 r--s 00006000 08:02 25826300                   /usr/share/java/java-atk-wrapper.jar
7f9dd738d000-7f9dd738f000 r--s 00012000 08:02 29757075                   /usr/lib/jvm/java-7-openjdk-amd64/jre/lib/ext/zipfs.jar
7f9dd738f000-7f9dd73af000 rw-p 00000000 00:00 0 
7f9dd73af000-7f9dd7465000 rw-p 00000000 00:00 0 
7f9dd7465000-7f9dd7468000 ---p 00000000 00:00 0 
7f9dd7468000-7f9dd756b000 rw-p 00000000 00:00 0                          [stack:18823]
7f9dd756b000-7f9dd756f000 r--s 00034000 08:02 29757074                   /usr/lib/jvm/java-7-openjdk-amd64/jre/lib/ext/sunjce_provider.jar
7f9dd756f000-7f9dd7573000 r--s 0003c000 08:02 29757076                   /usr/lib/jvm/java-7-openjdk-amd64/jre/lib/ext/sunpkcs11.jar
7f9dd7573000-7f9dd7576000 r--s 0000f000 08:02 29757078                   /usr/lib/jvm/java-7-openjdk-amd64/jre/lib/ext/icedtea-sound.jar
7f9dd7576000-7f9dd757a000 r--s 00085000 08:02 29757073                   /usr/lib/jvm/java-7-openjdk-amd64/jre/lib/ext/localedata.jar
7f9dd757a000-7f9dd757b000 r--s 00002000 08:02 29757077                   /usr/lib/jvm/java-7-openjdk-amd64/jre/lib/ext/dnsns.jar
7f9dd757b000-7f9dd7583000 rw-s 00000000 08:02 17039589                   /tmp/hsperfdata_andriy/18817
7f9dd7583000-7f9dd7584000 rw-p 00000000 00:00 0 
7f9dd7584000-7f9dd7585000 r--p 00000000 00:00 0 
7f9dd7585000-7f9dd7587000 rw-p 00000000 00:00 0 
7f9dd7587000-7f9dd7588000 r--p 00022000 08:02 8392761                    /lib/x86_64-linux-gnu/ld-2.19.so
7f9dd7588000-7f9dd7589000 rw-p 00023000 08:02 8392761                    /lib/x86_64-linux-gnu/ld-2.19.so
7f9dd7589000-7f9dd758a000 rw-p 00000000 00:00 0 
7fff96e91000-7fff96eb2000 rw-p 00000000 00:00 0                          [stack]
7fff96f74000-7fff96f76000 r--p 00000000 00:00 0                          [vvar]
7fff96f76000-7fff96f78000 r-xp 00000000 00:00 0                          [vdso]
ffffffffff600000-ffffffffff601000 r-xp 00000000 00:00 0                  [vsyscall]

VM Arguments:
jvm_args: -agentlib:jdwp=transport=dt_socket,suspend=y,address=localhost:48346 -Dfile.encoding=UTF-8 
java_command: companies.Main
Launcher Type: SUN_STANDARD

Environment Variables:
PATH=/usr/local/sbin:/usr/local/bin:/usr/sbin:/usr/bin:/sbin:/bin:/usr/games:/usr/local/games
SHELL=/bin/bash
DISPLAY=:0.0

Signal Handlers:
SIGSEGV: [libjvm.so+0x955bc0], sa_mask[0]=0x7ffbfeff, sa_flags=0x10000004
SIGBUS: [libjvm.so+0x955bc0], sa_mask[0]=0x7ffbfeff, sa_flags=0x10000004
SIGFPE: [libjvm.so+0x7caff0], sa_mask[0]=0x7ffbfeff, sa_flags=0x10000004
SIGPIPE: [libjvm.so+0x7caff0], sa_mask[0]=0x7ffbfeff, sa_flags=0x10000004
SIGXFSZ: [libjvm.so+0x7caff0], sa_mask[0]=0x7ffbfeff, sa_flags=0x10000004
SIGILL: [libjvm.so+0x7caff0], sa_mask[0]=0x7ffbfeff, sa_flags=0x10000004
SIGUSR1: SIG_DFL, sa_mask[0]=0x00000000, sa_flags=0x00000000
SIGUSR2: [libjvm.so+0x7cae90], sa_mask[0]=0x00000004, sa_flags=0x10000004
SIGHUP: [libjvm.so+0x7cb070], sa_mask[0]=0x7ffbfeff, sa_flags=0x10000004
SIGINT: [libjvm.so+0x7cb070], sa_mask[0]=0x7ffbfeff, sa_flags=0x10000004
SIGTERM: [libjvm.so+0x7cb070], sa_mask[0]=0x7ffbfeff, sa_flags=0x10000004
SIGQUIT: [libjvm.so+0x7cb070], sa_mask[0]=0x7ffbfeff, sa_flags=0x10000004
SIGTRAP: SIG_DFL, sa_mask[0]=0x00000000, sa_flags=0x00000000


---------------  S Y S T E M  ---------------

OS:Ubuntu 14.04 (trusty)
uname:Linux 3.19.0-47-generic #53~14.04.1-Ubuntu SMP Mon Jan 18 16:09:14 UTC 2016 x86_64
libc:glibc 2.19 NPTL 2.19 
rlimit: STACK 8192k, CORE 0k, NPROC 14498, NOFILE 4096, AS infinity
load average:0,17 0,11 0,13

/proc/meminfo:
MemTotal:        3928296 kB
MemFree:          171632 kB
MemAvailable:     476008 kB
Buffers:          112972 kB
Cached:           921060 kB
SwapCached:        24804 kB
Active:          2564628 kB
Inactive:        1000164 kB
Active(anon):    2302292 kB
Inactive(anon):   811868 kB
Active(file):     262336 kB
Inactive(file):   188296 kB
Unevictable:          40 kB
Mlocked:              40 kB
SwapTotal:       4074492 kB
SwapFree:        3725036 kB
Dirty:                40 kB
Writeback:             0 kB
AnonPages:       2512876 kB
Mapped:           452720 kB
Shmem:            583332 kB
Slab:              83704 kB
SReclaimable:      45372 kB
SUnreclaim:        38332 kB
KernelStack:       10816 kB
PageTables:        47292 kB
NFS_Unstable:          0 kB
Bounce:                0 kB
WritebackTmp:          0 kB
CommitLimit:     6038640 kB
Committed_AS:    8914076 kB
VmallocTotal:   34359738367 kB
VmallocUsed:      371496 kB
VmallocChunk:   34359306884 kB
HardwareCorrupted:     0 kB
AnonHugePages:   1376256 kB
CmaTotal:              0 kB
CmaFree:               0 kB
HugePages_Total:       0
HugePages_Free:        0
HugePages_Rsvd:        0
HugePages_Surp:        0
Hugepagesize:       2048 kB
DirectMap4k:      163692 kB
DirectMap2M:     2863104 kB
DirectMap1G:     1048576 kB


CPU:total 4 (2 cores per cpu, 2 threads per core) family 6 model 69 stepping 1, cmov, cx8, fxsr, mmx, sse, sse2, sse3, ssse3, sse4.1, sse4.2, popcnt, avx, avx2, aes, erms, ht, tsc, tscinvbit

/proc/cpuinfo:
processor	: 0
vendor_id	: GenuineIntel
cpu family	: 6
model		: 69
model name	: Intel(R) Core(TM) i3-4010U CPU @ 1.70GHz
stepping	: 1
microcode	: 0x10
cpu MHz		: 1700.000
cache size	: 3072 KB
physical id	: 0
siblings	: 4
core id		: 0
cpu cores	: 2
apicid		: 0
initial apicid	: 0
fpu		: yes
fpu_exception	: yes
cpuid level	: 13
wp		: yes
flags		: fpu vme de pse tsc msr pae mce cx8 apic sep mtrr pge mca cmov pat pse36 clflush dts acpi mmx fxsr sse sse2 ss ht tm pbe syscall nx pdpe1gb rdtscp lm constant_tsc arch_perfmon pebs bts rep_good nopl xtopology nonstop_tsc aperfmperf eagerfpu pni pclmulqdq dtes64 monitor ds_cpl vmx est tm2 ssse3 fma cx16 xtpr pdcm pcid sse4_1 sse4_2 x2apic movbe popcnt tsc_deadline_timer aes xsave avx f16c rdrand lahf_lm abm ida arat epb pln pts dtherm tpr_shadow vnmi flexpriority ept vpid fsgsbase tsc_adjust bmi1 avx2 smep bmi2 erms invpcid xsaveopt
bugs		:
bogomips	: 3392.20
clflush size	: 64
cache_alignment	: 64
address sizes	: 39 bits physical, 48 bits virtual
power management:

processor	: 1
vendor_id	: GenuineIntel
cpu family	: 6
model		: 69
model name	: Intel(R) Core(TM) i3-4010U CPU @ 1.70GHz
stepping	: 1
microcode	: 0x10
cpu MHz		: 1699.933
cache size	: 3072 KB
physical id	: 0
siblings	: 4
core id		: 1
cpu cores	: 2
apicid		: 2
initial apicid	: 2
fpu		: yes
fpu_exception	: yes
cpuid level	: 13
wp		: yes
flags		: fpu vme de pse tsc msr pae mce cx8 apic sep mtrr pge mca cmov pat pse36 clflush dts acpi mmx fxsr sse sse2 ss ht tm pbe syscall nx pdpe1gb rdtscp lm constant_tsc arch_perfmon pebs bts rep_good nopl xtopology nonstop_tsc aperfmperf eagerfpu pni pclmulqdq dtes64 monitor ds_cpl vmx est tm2 ssse3 fma cx16 xtpr pdcm pcid sse4_1 sse4_2 x2apic movbe popcnt tsc_deadline_timer aes xsave avx f16c rdrand lahf_lm abm ida arat epb pln pts dtherm tpr_shadow vnmi flexpriority ept vpid fsgsbase tsc_adjust bmi1 avx2 smep bmi2 erms invpcid xsaveopt
bugs		:
bogomips	: 3392.20
clflush size	: 64
cache_alignment	: 64
address sizes	: 39 bits physical, 48 bits virtual
power management:

processor	: 2
vendor_id	: GenuineIntel
cpu family	: 6
model		: 69
model name	: Intel(R) Core(TM) i3-4010U CPU @ 1.70GHz
stepping	: 1
microcode	: 0x10
cpu MHz		: 1700.000
cache size	: 3072 KB
physical id	: 0
siblings	: 4
core id		: 0
cpu cores	: 2
apicid		: 1
initial apicid	: 1
fpu		: yes
fpu_exception	: yes
cpuid level	: 13
wp		: yes
flags		: fpu vme de pse tsc msr pae mce cx8 apic sep mtrr pge mca cmov pat pse36 clflush dts acpi mmx fxsr sse sse2 ss ht tm pbe syscall nx pdpe1gb rdtscp lm constant_tsc arch_perfmon pebs bts rep_good nopl xtopology nonstop_tsc aperfmperf eagerfpu pni pclmulqdq dtes64 monitor ds_cpl vmx est tm2 ssse3 fma cx16 xtpr pdcm pcid sse4_1 sse4_2 x2apic movbe popcnt tsc_deadline_timer aes xsave avx f16c rdrand lahf_lm abm ida arat epb pln pts dtherm tpr_shadow vnmi flexpriority ept vpid fsgsbase tsc_adjust bmi1 avx2 smep bmi2 erms invpcid xsaveopt
bugs		:
bogomips	: 3392.20
clflush size	: 64
cache_alignment	: 64
address sizes	: 39 bits physical, 48 bits virtual
power management:

processor	: 3
vendor_id	: GenuineIntel
cpu family	: 6
model		: 69
model name	: Intel(R) Core(TM) i3-4010U CPU @ 1.70GHz
stepping	: 1
microcode	: 0x10
cpu MHz		: 1699.933
cache size	: 3072 KB
physical id	: 0
siblings	: 4
core id		: 1
cpu cores	: 2
apicid		: 3
initial apicid	: 3
fpu		: yes
fpu_exception	: yes
cpuid level	: 13
wp		: yes
flags		: fpu vme de pse tsc msr pae mce cx8 apic sep mtrr pge mca cmov pat pse36 clflush dts acpi mmx fxsr sse sse2 ss ht tm pbe syscall nx pdpe1gb rdtscp lm constant_tsc arch_perfmon pebs bts rep_good nopl xtopology nonstop_tsc aperfmperf eagerfpu pni pclmulqdq dtes64 monitor ds_cpl vmx est tm2 ssse3 fma cx16 xtpr pdcm pcid sse4_1 sse4_2 x2apic movbe popcnt tsc_deadline_timer aes xsave avx f16c rdrand lahf_lm abm ida arat epb pln pts dtherm tpr_shadow vnmi flexpriority ept vpid fsgsbase tsc_adjust bmi1 avx2 smep bmi2 erms invpcid xsaveopt
bugs		:
bogomips	: 3392.20
clflush size	: 64
cache_alignment	: 64
address sizes	: 39 bits physical, 48 bits virtual
power management:



Memory: 4k page, physical 3928296k(171632k free), swap 4074492k(3725036k free)

vm_info: OpenJDK 64-Bit Server VM (24.95-b01) for linux-amd64 JRE (1.7.0_95-b00), built on Jan 21 2016 03:31:40 by "buildd" with gcc 4.8.4

time: Sun Feb 28 22:11:14 2016
elapsed time: 12686 seconds

